e:\code\byvod\byovd\x64\release\vc142.pdb
e:\code\byvod\byovd\x64\release\wfp.obj
e:\code\byvod\byovd\x64\release\pspnotifyenablemask.obj
e:\code\byvod\byovd\x64\release\previousmode.obj
e:\code\byvod\byovd\x64\release\obcallback.obj
e:\code\byvod\byovd\x64\release\minifilter.obj
e:\code\byvod\byovd\x64\release\main.obj
e:\code\byvod\byovd\x64\release\loadimagenotify.obj
e:\code\byvod\byovd\x64\release\kernel.obj
e:\code\byvod\byovd\x64\release\global.obj
e:\code\byvod\byovd\x64\release\etw.obj
e:\code\byvod\byovd\x64\release\createthreadnotify.obj
e:\code\byvod\byovd\x64\release\createprocessnotify.obj
e:\code\byvod\byovd\x64\release\callbacklisthead.obj
e:\code\byvod\x64\release\byovd.exe
e:\code\byvod\byovd\x64\release\byovd.ipdb
e:\code\byvod\byovd\x64\release\byovd.iobj
e:\code\byvod\byovd\x64\release\byovd.tlog\cl.command.1.tlog
e:\code\byvod\byovd\x64\release\byovd.tlog\cl.read.1.tlog
e:\code\byvod\byovd\x64\release\byovd.tlog\cl.write.1.tlog
e:\code\byvod\byovd\x64\release\byovd.tlog\link.command.1.tlog
e:\code\byvod\byovd\x64\release\byovd.tlog\link.read.1.tlog
e:\code\byvod\byovd\x64\release\byovd.tlog\link.write.1.tlog
